2022-04-07 18:59:09,922 ********Appium Server Starting********
2022-04-07 18:59:11,209 Could not connect to port 4723 on host 127.0.0.1
2022-04-07 18:59:11,209 Could not get IP address for host: 127.0.0.1
2022-04-07 18:59:34,154 ********Android Driver created********
2022-04-07 18:59:34,154 *********LS10 Device Setup beggining*********
2022-04-07 18:59:35,469 Hurry Google Home app Launched Successfully and Staretd automating the App
2022-04-07 18:59:37,816 Choose a Account You will be able to control the devices and Services in this Home
2022-04-07 18:59:43,874 'Click on OK button in Choose a Account screen'
2022-04-07 18:59:45,342 *********click on Next*********
2022-04-07 18:59:48,016 click on Plus icon on Home
2022-04-07 19:00:02,044 Click on Setup a Device
2022-04-07 19:00:12,253 click on New Device
2022-04-07 19:00:13,445 *********click on Next*********
2022-04-07 19:00:14,638 click on next Button Choose a home screen 
2022-04-07 19:00:22,806 selecting the FriendlyName:Lyric Speaker Box 2397b5 in the list of Device
2022-04-07 19:00:23,723 click on next button in the NearBy Devices Screen
2022-04-07 19:01:18,046 Did you hear setup tone and Click on yes button
2022-04-07 19:01:19,136 click on Yes i'm in button in the Help to setup device
2022-04-07 19:01:20,651 We are in Where is this Device? Screen & click on Room Name
2022-04-07 19:01:23,429 Room Name Selected now click on next button to redirect to WIFI SSID list
2022-04-07 19:01:28,257 SSID Selected:Libreclicked next button in the List Of ssid Screen
2022-04-07 19:01:30,487 click on Next Button
2022-04-07 19:03:59,810 ********Appium Server Starting********
2022-04-07 19:04:01,012 Could not connect to port 4723 on host 127.0.0.1
2022-04-07 19:04:01,012 Could not get IP address for host: 127.0.0.1
2022-04-07 19:04:15,455 ********Android Driver created********
2022-04-07 19:04:15,455 *********LS10 Device Setup beggining*********
2022-04-07 19:04:16,670 Hurry Google Home app Launched Successfully and Staretd automating the App
2022-04-07 19:04:18,999 Choose a Account You will be able to control the devices and Services in this Home
2022-04-07 19:04:25,089 'Click on OK button in Choose a Account screen'
2022-04-07 19:04:26,569 *********click on Next*********
2022-04-07 19:04:59,064 selecting the FriendlyName:Lyric Speaker Box 2397b5 in the list of Device
2022-04-07 19:04:59,981 click on next button in the NearBy Devices Screen
2022-04-07 19:06:02,693 ********Appium Server Starting********
2022-04-07 19:06:03,849 Could not connect to port 4723 on host 127.0.0.1
2022-04-07 19:06:03,849 Could not get IP address for host: 127.0.0.1
