2022-04-07 19:32:42,896 ********Appium Server Starting********
2022-04-07 19:32:44,110 Could not connect to port 4723 on host 127.0.0.1
2022-04-07 19:32:44,111 Could not get IP address for host: 127.0.0.1
2022-04-07 19:32:54,420 ********Android Driver created********
2022-04-07 19:32:54,420 *********LS10 Device Setup beggining*********
2022-04-07 19:32:55,180 Hurry Google Home app Launched Successfully and Staretd automating the App
2022-04-07 19:32:57,426 Choose a Account You will be able to control the devices and Services in this Home
2022-04-07 19:33:03,657 'Click on OK button in Choose a Account screen'
2022-04-07 19:33:04,966 *********click on Next*********
2022-04-07 19:33:08,615 click on Plus icon on Home
2022-04-07 19:33:18,989 Click on Setup a Device
2022-04-07 19:33:29,166 click on New Device
2022-04-07 19:37:03,295 ********Appium Server Starting********
2022-04-07 19:37:04,482 Could not connect to port 4723 on host 127.0.0.1
2022-04-07 19:37:04,482 Could not get IP address for host: 127.0.0.1
2022-04-07 19:37:13,620 ********Android Driver created********
2022-04-07 19:37:13,620 *********LS10 Device Setup beggining*********
2022-04-07 19:37:14,492 Hurry Google Home app Launched Successfully and Staretd automating the App
2022-04-07 19:37:16,742 Choose a Account You will be able to control the devices and Services in this Home
2022-04-07 19:37:23,443 'Click on OK button in Choose a Account screen'
2022-04-07 19:37:24,846 *********click on Next*********
2022-04-07 19:37:28,345 click on Plus icon on Home
2022-04-07 19:37:39,362 Click on Setup a Device
2022-04-07 19:37:50,432 click on New Device
2022-04-07 19:41:24,618 ********Appium Server Starting********
2022-04-07 19:41:25,786 Could not connect to port 4723 on host 127.0.0.1
2022-04-07 19:41:25,786 Could not get IP address for host: 127.0.0.1
2022-04-07 19:41:35,759 ********Android Driver created********
2022-04-07 19:41:35,759 *********LS10 Device Setup beggining*********
2022-04-07 19:41:36,624 Hurry Google Home app Launched Successfully and Staretd automating the App
2022-04-07 19:41:38,876 Choose a Account You will be able to control the devices and Services in this Home
2022-04-07 19:41:45,203 'Click on OK button in Choose a Account screen'
2022-04-07 19:41:46,541 *********click on Next*********
2022-04-07 19:41:48,533 click on Plus icon on Home
2022-04-07 19:42:01,046 Click on Setup a Device
2022-04-07 19:42:12,109 click on New Device
2022-04-07 19:45:45,811 ********Appium Server Starting********
2022-04-07 19:45:46,988 Could not connect to port 4723 on host 127.0.0.1
2022-04-07 19:45:46,988 Could not get IP address for host: 127.0.0.1
2022-04-07 19:45:57,443 ********Android Driver created********
2022-04-07 19:45:57,446 *********LS10 Device Setup beggining*********
2022-04-07 19:45:58,176 Hurry Google Home app Launched Successfully and Staretd automating the App
2022-04-07 19:46:00,452 Choose a Account You will be able to control the devices and Services in this Home
2022-04-07 19:46:06,933 'Click on OK button in Choose a Account screen'
2022-04-07 19:46:08,281 *********click on Next*********
2022-04-07 19:46:11,962 click on Plus icon on Home
2022-04-07 19:46:22,332 Click on Setup a Device
2022-04-07 19:46:32,514 click on New Device
2022-04-07 19:50:06,690 ********Appium Server Starting********
2022-04-07 19:50:07,861 Could not connect to port 4723 on host 127.0.0.1
2022-04-07 19:50:07,861 Could not get IP address for host: 127.0.0.1
2022-04-07 19:50:18,087 ********Android Driver created********
2022-04-07 19:50:18,087 *********LS10 Device Setup beggining*********
2022-04-07 19:50:18,813 Hurry Google Home app Launched Successfully and Staretd automating the App
2022-04-07 19:50:21,049 Choose a Account You will be able to control the devices and Services in this Home
2022-04-07 19:50:27,194 'Click on OK button in Choose a Account screen'
2022-04-07 19:50:28,605 *********click on Next*********
2022-04-07 19:50:32,232 click on Plus icon on Home
2022-04-07 19:50:42,614 Click on Setup a Device
2022-04-07 19:50:53,689 click on New Device
2022-04-07 19:54:27,335 ********Appium Server Starting********
2022-04-07 19:54:28,481 Could not connect to port 4723 on host 127.0.0.1
2022-04-07 19:54:28,482 Could not get IP address for host: 127.0.0.1
2022-04-07 19:54:38,396 ********Android Driver created********
2022-04-07 19:54:38,396 *********LS10 Device Setup beggining*********
2022-04-07 19:54:39,225 Hurry Google Home app Launched Successfully and Staretd automating the App
2022-04-07 19:54:41,731 Choose a Account You will be able to control the devices and Services in this Home
2022-04-07 19:54:47,723 'Click on OK button in Choose a Account screen'
2022-04-07 19:54:48,864 *********click on Next*********
2022-04-07 19:54:53,196 click on Plus icon on Home
2022-04-07 19:55:04,196 Click on Setup a Device
2022-04-07 19:55:14,387 click on New Device
2022-04-07 19:58:48,132 ********Appium Server Starting********
2022-04-07 19:58:49,302 Could not connect to port 4723 on host 127.0.0.1
2022-04-07 19:58:49,302 Could not get IP address for host: 127.0.0.1
2022-04-07 19:58:57,861 ********Android Driver created********
2022-04-07 19:58:57,862 *********LS10 Device Setup beggining*********
2022-04-07 19:58:58,574 Hurry Google Home app Launched Successfully and Staretd automating the App
2022-04-07 19:59:00,795 Choose a Account You will be able to control the devices and Services in this Home
2022-04-07 19:59:06,940 'Click on OK button in Choose a Account screen'
2022-04-07 19:59:43,493 Choose a Account You will be able to control the devices and Services in this Home
2022-04-07 19:59:49,447 'Click on OK button in Choose a Account screen'
2022-04-07 19:59:50,675 *********click on Next*********
2022-04-07 19:59:53,974 click on Plus icon on Home
2022-04-07 20:00:04,252 Click on Setup a Device
2022-04-07 20:00:14,445 click on New Device
2022-04-07 20:03:48,304 ********Appium Server Starting********
2022-04-07 20:03:49,487 Could not connect to port 4723 on host 127.0.0.1
2022-04-07 20:03:49,487 Could not get IP address for host: 127.0.0.1
2022-04-07 20:03:59,251 ********Android Driver created********
2022-04-07 20:03:59,251 *********LS10 Device Setup beggining*********
2022-04-07 20:03:59,914 Hurry Google Home app Launched Successfully and Staretd automating the App
2022-04-07 20:04:02,161 Choose a Account You will be able to control the devices and Services in this Home
2022-04-07 20:04:08,245 'Click on OK button in Choose a Account screen'
2022-04-07 20:04:44,445 Choose a Account You will be able to control the devices and Services in this Home
2022-04-07 20:04:50,431 'Click on OK button in Choose a Account screen'
2022-04-07 20:04:51,671 *********click on Next*********
2022-04-07 20:04:55,084 click on Plus icon on Home
2022-04-07 20:05:05,419 Click on Setup a Device
2022-04-07 20:05:16,481 click on New Device
2022-04-07 20:08:50,671 ********Appium Server Starting********
2022-04-07 20:08:51,823 Could not connect to port 4723 on host 127.0.0.1
2022-04-07 20:08:51,823 Could not get IP address for host: 127.0.0.1
2022-04-07 20:09:01,186 ********Android Driver created********
2022-04-07 20:09:01,186 *********LS10 Device Setup beggining*********
2022-04-07 20:09:01,886 Hurry Google Home app Launched Successfully and Staretd automating the App
2022-04-07 20:09:04,147 Choose a Account You will be able to control the devices and Services in this Home
2022-04-07 20:09:10,247 'Click on OK button in Choose a Account screen'
2022-04-07 20:09:11,581 *********click on Next*********
2022-04-07 20:09:15,011 click on Plus icon on Home
2022-04-07 20:09:25,974 Click on Setup a Device
2022-04-07 20:09:36,165 click on New Device
2022-04-07 20:13:10,577 ********Appium Server Starting********
2022-04-07 20:13:11,760 Could not connect to port 4723 on host 127.0.0.1
2022-04-07 20:13:11,760 Could not get IP address for host: 127.0.0.1
2022-04-07 20:13:22,069 ********Android Driver created********
2022-04-07 20:13:22,069 *********LS10 Device Setup beggining*********
2022-04-07 20:13:22,555 Hurry Google Home app Launched Successfully and Staretd automating the App
2022-04-07 20:13:24,778 Choose a Account You will be able to control the devices and Services in this Home
2022-04-07 20:13:31,304 'Click on OK button in Choose a Account screen'
2022-04-07 20:14:08,003 Choose a Account You will be able to control the devices and Services in this Home
2022-04-07 20:14:13,965 'Click on OK button in Choose a Account screen'
2022-04-07 20:14:15,187 *********click on Next*********
2022-04-07 20:14:18,884 click on Plus icon on Home
2022-04-07 20:14:30,498 Click on Setup a Device
2022-04-07 20:14:40,680 click on New Device
2022-04-07 20:18:14,411 ********Appium Server Starting********
2022-04-07 20:18:15,579 Could not connect to port 4723 on host 127.0.0.1
2022-04-07 20:18:15,579 Could not get IP address for host: 127.0.0.1
2022-04-07 20:18:25,919 ********Android Driver created********
2022-04-07 20:18:25,919 *********LS10 Device Setup beggining*********
2022-04-07 20:18:26,664 Hurry Google Home app Launched Successfully and Staretd automating the App
2022-04-07 20:18:28,913 Choose a Account You will be able to control the devices and Services in this Home
2022-04-07 20:18:35,275 'Click on OK button in Choose a Account screen'
2022-04-07 20:18:36,631 *********click on Next*********
2022-04-07 20:18:40,166 click on Plus icon on Home
2022-04-07 20:18:50,495 Click on Setup a Device
2022-04-07 20:19:00,697 click on New Device
2022-04-07 20:22:34,696 ********Appium Server Starting********
2022-04-07 20:22:35,883 Could not connect to port 4723 on host 127.0.0.1
2022-04-07 20:22:35,883 Could not get IP address for host: 127.0.0.1
2022-04-07 20:22:44,805 ********Android Driver created********
2022-04-07 20:22:44,805 *********LS10 Device Setup beggining*********
2022-04-07 20:22:45,509 Hurry Google Home app Launched Successfully and Staretd automating the App
2022-04-07 20:22:47,783 Choose a Account You will be able to control the devices and Services in this Home
2022-04-07 20:22:53,870 'Click on OK button in Choose a Account screen'
2022-04-07 20:22:55,253 *********click on Next*********
2022-04-07 20:22:58,763 click on Plus icon on Home
2022-04-07 20:23:09,755 Click on Setup a Device
2022-04-07 20:23:19,936 click on New Device
2022-04-07 20:26:53,522 ********Appium Server Starting********
2022-04-07 20:26:54,687 Could not connect to port 4723 on host 127.0.0.1
2022-04-07 20:26:54,687 Could not get IP address for host: 127.0.0.1
2022-04-07 20:27:04,847 ********Android Driver created********
2022-04-07 20:27:04,847 *********LS10 Device Setup beggining*********
2022-04-07 20:27:05,613 Hurry Google Home app Launched Successfully and Staretd automating the App
2022-04-07 20:27:07,895 Choose a Account You will be able to control the devices and Services in this Home
2022-04-07 20:27:14,027 'Click on OK button in Choose a Account screen'
2022-04-07 20:27:15,396 *********click on Next*********
2022-04-07 20:27:20,047 click on Plus icon on Home
2022-04-07 20:27:30,363 Click on Setup a Device
2022-04-07 20:27:40,537 click on New Device
2022-04-07 20:31:14,569 ********Appium Server Starting********
2022-04-07 20:31:15,739 Could not connect to port 4723 on host 127.0.0.1
2022-04-07 20:31:15,739 Could not get IP address for host: 127.0.0.1
2022-04-07 20:31:26,681 ********Android Driver created********
2022-04-07 20:31:26,681 *********LS10 Device Setup beggining*********
2022-04-07 20:31:27,420 Hurry Google Home app Launched Successfully and Staretd automating the App
2022-04-07 20:31:29,682 Choose a Account You will be able to control the devices and Services in this Home
2022-04-07 20:31:36,046 'Click on OK button in Choose a Account screen'
2022-04-07 20:31:37,372 *********click on Next*********
2022-04-07 20:31:39,029 click on Plus icon on Home
2022-04-07 20:31:49,322 Click on Setup a Device
2022-04-07 20:31:59,514 click on New Device
2022-04-07 20:33:09,395 clck on yes button in the Lyric Speaker Box found screen
2022-04-07 20:33:37,712 Did you hear setup tone and Click on yes button
2022-04-07 20:33:38,689 click on Yes i'm in button in the Help to setup device
2022-04-07 20:33:39,771 We are in Where is this Device? Screen & click on Room Name
2022-04-07 20:33:42,142 Room Name Selected now click on next button to redirect to WIFI SSID list
2022-04-07 20:34:47,907 ********Appium Server Starting********
2022-04-07 20:34:49,097 Could not connect to port 4723 on host 127.0.0.1
2022-04-07 20:34:49,097 Could not get IP address for host: 127.0.0.1
