2022-04-07 17:54:10,743 ********Appium Server Starting********
2022-04-07 17:54:12,022 Could not connect to port 4723 on host 127.0.0.1
2022-04-07 17:54:12,023 Could not get IP address for host: 127.0.0.1
2022-04-07 17:54:27,511 ********Android Driver created********
2022-04-07 17:54:27,512 *********LS10 Device Setup beggining*********
2022-04-07 17:54:28,820 Hurry Google Home app Launched Successfully and Staretd automating the App
2022-04-07 17:54:31,150 Choose a Account You will be able to control the devices and Services in this Home
2022-04-07 17:54:37,221 'Click on OK button in Choose a Account screen'
2022-04-07 17:54:38,711 *********click on Next*********
2022-04-07 17:55:10,569 selecting the FriendlyName:Lyric Speaker Box 2397b5 in the list of Device
2022-04-07 17:55:11,470 click on next button in the NearBy Devices Screen
2022-04-07 17:56:05,599 Did you hear setup tone and Click on yes button
2022-04-07 17:56:06,676 click on Yes i'm in button in the Help to setup device
2022-04-07 17:56:07,702 We are in Where is this Device? Screen & click on Room Name
2022-04-07 17:56:10,482 Room Name Selected now click on next button to redirect to WIFI SSID list
2022-04-07 17:56:13,249 SSID Selected:Libreclicked next button in the List Of ssid Screen
2022-04-07 17:56:15,547 click on Next Button
2022-04-07 17:59:45,939 ********Appium Server Starting********
2022-04-07 17:59:47,150 Could not connect to port 4723 on host 127.0.0.1
2022-04-07 17:59:47,151 Could not get IP address for host: 127.0.0.1
2022-04-07 17:59:58,969 ********Android Driver created********
2022-04-07 17:59:58,970 *********LS10 Device Setup beggining*********
2022-04-07 18:00:00,259 Hurry Google Home app Launched Successfully and Staretd automating the App
2022-04-07 18:00:03,177 Choose a Account You will be able to control the devices and Services in this Home
2022-04-07 18:00:09,203 'Click on OK button in Choose a Account screen'
2022-04-07 18:00:10,666 *********click on Next*********
2022-04-07 18:00:13,714 click on Plus icon on Home
2022-04-07 18:00:25,502 Click on Setup a Device
2022-04-07 18:00:35,684 click on New Device
2022-04-07 18:00:36,897 *********click on Next*********
2022-04-07 18:00:38,064 click on next Button Choose a home screen 
2022-04-07 18:00:46,239 selecting the FriendlyName:Lyric Speaker Box 2397b5 in the list of Device
2022-04-07 18:00:47,142 click on next button in the NearBy Devices Screen
2022-04-07 18:01:41,822 Did you hear setup tone and Click on yes button
2022-04-07 18:01:42,908 click on Yes i'm in button in the Help to setup device
2022-04-07 18:01:43,956 We are in Where is this Device? Screen & click on Room Name
2022-04-07 18:01:46,730 Room Name Selected now click on next button to redirect to WIFI SSID list
2022-04-07 18:01:51,142 SSID Selected:Libreclicked next button in the List Of ssid Screen
2022-04-07 18:01:53,367 click on Next Button
2022-04-07 18:03:33,880 Retrying (Retry(total=2, connect=None, read=None, redirect=None, status=None)) after connection broken by 'NewConnectionError('<urllib3.connection.HTTPConnection object at 0x0000013943383A00>: Failed to establish a new connection: [WinError 10061] No connection could be made because the target machine actively refused it')': /wd/hub/session/89adab86-d3ae-412f-be76-4c3c5fb72778/source
2022-04-07 18:03:35,921 Retrying (Retry(total=1, connect=None, read=None, redirect=None, status=None)) after connection broken by 'NewConnectionError('<urllib3.connection.HTTPConnection object at 0x000001394338A130>: Failed to establish a new connection: [WinError 10061] No connection could be made because the target machine actively refused it')': /wd/hub/session/89adab86-d3ae-412f-be76-4c3c5fb72778/source
2022-04-07 18:03:37,970 Retrying (Retry(total=0, connect=None, read=None, redirect=None, status=None)) after connection broken by 'NewConnectionError('<urllib3.connection.HTTPConnection object at 0x000001394338A280>: Failed to establish a new connection: [WinError 10061] No connection could be made because the target machine actively refused it')': /wd/hub/session/89adab86-d3ae-412f-be76-4c3c5fb72778/source
