2022-04-09 09:08:31,425 ********Appium Server Starting********
2022-04-09 09:08:32,641 Could not connect to port 4723 on host 127.0.0.1
2022-04-09 09:08:32,641 Could not get IP address for host: 127.0.0.1
2022-04-09 09:08:34,702 Retrying (Retry(total=2, connect=None, read=None, redirect=None, status=None)) after connection broken by 'NewConnectionError('<urllib3.connection.HTTPConnection object at 0x000001746C8CB550>: Failed to establish a new connection: [WinError 10061] No connection could be made because the target machine actively refused it')': /wd/hub/session
2022-04-09 09:08:36,746 Retrying (Retry(total=1, connect=None, read=None, redirect=None, status=None)) after connection broken by 'NewConnectionError('<urllib3.connection.HTTPConnection object at 0x000001746C8CB9D0>: Failed to establish a new connection: [WinError 10061] No connection could be made because the target machine actively refused it')': /wd/hub/session
2022-04-09 09:08:38,779 Retrying (Retry(total=0, connect=None, read=None, redirect=None, status=None)) after connection broken by 'NewConnectionError('<urllib3.connection.HTTPConnection object at 0x000001746C8CBB20>: Failed to establish a new connection: [WinError 10061] No connection could be made because the target machine actively refused it')': /wd/hub/session
2022-04-09 09:08:45,861 ********Appium Server Starting********
2022-04-09 09:09:08,217 ********Android Driver created********
2022-04-09 09:09:08,217 *********LS10 Device Setup beggining*********
2022-04-09 09:09:08,756 Hurry Google Home app Launched Successfully and Staretd automating the App
2022-04-09 09:09:11,687 Choose a Account You will be able to control the devices and Services in this Home
2022-04-09 09:09:22,827 'Click on OK button in Choose a Account screen'
2022-04-09 09:09:59,085 Choose a Account You will be able to control the devices and Services in this Home
2022-04-09 09:10:10,052 'Click on OK button in Choose a Account screen'
2022-04-09 09:10:11,254 *********click on Next*********
2022-04-09 09:10:15,927 click on Plus icon on Home
2022-04-09 09:10:26,222 Click on Setup a Device
2022-04-09 09:10:36,407 click on New Device
2022-04-09 09:10:37,389 *********click on Next*********
2022-04-09 09:10:38,405 click on next Button Choose a home screen 
2022-04-09 09:11:42,292 clck on yes button in the Lyric Speaker Box found screen
2022-04-09 09:12:00,331 Did you hear setup tone and Click on yes button
2022-04-09 09:12:01,336 click on Yes i'm in button in the Help to setup device
2022-04-09 09:12:02,804 We are in Where is this Device? Screen & click on Room Name
2022-04-09 09:12:05,627 Room Name Selected now click on next button to redirect to WIFI SSID list
2022-04-09 09:12:07,821 SSID Selected:Linksys16717_2Gclicked next button in the List Of ssid Screen
2022-04-09 09:12:10,598 click on Next Button
2022-04-09 09:13:52,463 Retrying (Retry(total=2, connect=None, read=None, redirect=None, status=None)) after connection broken by 'NewConnectionError('<urllib3.connection.HTTPConnection object at 0x000001746C8F6AC0>: Failed to establish a new connection: [WinError 10061] No connection could be made because the target machine actively refused it')': /wd/hub/session/d55253e5-86e1-4722-bb35-6d2d428d0669/source
